<?xml version="1.0" encoding="UTF-8"?>
<coverage generated="1781720676344" clover="3.2.0">
  <project timestamp="1781720676344" name="All files">
    <metrics statements="28" coveredstatements="28" conditionals="28" coveredconditionals="28" methods="2" coveredmethods="2" elements="58" coveredelements="58" complexity="0" loc="28" ncloc="28" packages="2" files="2" classes="2"/>
    <package name="lib">
      <metrics statements="6" coveredstatements="6" conditionals="28" coveredconditionals="28" methods="2" coveredmethods="2"/>
      <file name="permissions.ts" path="/Users/chenqimeng/Projects/peerpedia/frontend/src/lib/permissions.ts">
        <metrics statements="6" coveredstatements="6" conditionals="28" coveredconditionals="28" methods="2" coveredmethods="2"/>
        <line num="32" count="13" type="stmt"/>
        <line num="33" count="13" type="stmt"/>
        <line num="34" count="13" type="stmt"/>
        <line num="36" count="13" type="stmt"/>
        <line num="70" count="4" type="cond" truecount="2" falsecount="0"/>
        <line num="72" count="2" type="stmt"/>
      </file>
    </package>
    <package name="locales">
      <metrics statements="22" coveredstatements="22" conditionals="0" coveredconditionals="0" methods="0" coveredmethods="0"/>
      <file name="en-US.json" path="/Users/chenqimeng/Projects/peerpedia/frontend/src/locales/en-US.json">
        <metrics statements="22" coveredstatements="22" conditionals="0" coveredconditionals="0" methods="0" coveredmethods="0"/>
        <line num="1" count="1" type="stmt"/>
        <line num="2" count="1" type="stmt"/>
        <line num="3" count="1" type="stmt"/>
        <line num="4" count="1" type="stmt"/>
        <line num="5" count="1" type="stmt"/>
        <line num="6" count="1" type="stmt"/>
        <line num="7" count="1" type="stmt"/>
        <line num="8" count="1" type="stmt"/>
        <line num="9" count="1" type="stmt"/>
        <line num="10" count="1" type="stmt"/>
        <line num="11" count="1" type="stmt"/>
        <line num="12" count="1" type="stmt"/>
        <line num="13" count="1" type="stmt"/>
        <line num="14" count="1" type="stmt"/>
        <line num="15" count="1" type="stmt"/>
        <line num="16" count="1" type="stmt"/>
        <line num="17" count="1" type="stmt"/>
        <line num="18" count="1" type="stmt"/>
        <line num="19" count="1" type="stmt"/>
        <line num="20" count="1" type="stmt"/>
        <line num="21" count="1" type="stmt"/>
        <line num="22" count="1" type="stmt"/>
      </file>
    </package>
  </project>
</coverage>
