{"/Users/chenqimeng/Projects/peerpedia/frontend/src/lib/permissions.ts": {"path":"/Users/chenqimeng/Projects/peerpedia/frontend/src/lib/permissions.ts","statementMap":{"0":{"start":{"line":32,"column":14},"end":{"line":32,"column":null}},"1":{"start":{"line":33,"column":15},"end":{"line":33,"column":null}},"2":{"start":{"line":34,"column":12},"end":{"line":34,"column":null}},"3":{"start":{"line":36,"column":2},"end":{"line":58,"column":null}},"4":{"start":{"line":70,"column":2},"end":{"line":70,"column":null}},"5":{"start":{"line":70,"column":21},"end":{"line":70,"column":null}},"6":{"start":{"line":72,"column":2},"end":{"line":72,"column":null}}},"fnMap":{"0":{"name":"articlePermissions","decl":{"start":{"line":28,"column":16},"end":{"line":28,"column":null}},"loc":{"start":{"line":31,"column":22},"end":{"line":59,"column":null}},"line":31},"1":{"name":"disabledReason","decl":{"start":{"line":69,"column":16},"end":{"line":69,"column":31}},"loc":{"start":{"line":69,"column":89},"end":{"line":73,"column":null}},"line":69}},"branchMap":{"0":{"loc":{"start":{"line":38,"column":20},"end":{"line":38,"column":null}},"type":"binary-expr","locations":[{"start":{"line":38,"column":20},"end":{"line":38,"column":28}},{"start":{"line":38,"column":28},"end":{"line":38,"column":45}},{"start":{"line":38,"column":45},"end":{"line":38,"column":null}}],"line":38},"1":{"loc":{"start":{"line":39,"column":20},"end":{"line":39,"column":null}},"type":"binary-expr","locations":[{"start":{"line":39,"column":20},"end":{"line":39,"column":28}},{"start":{"line":39,"column":28},"end":{"line":39,"column":45}},{"start":{"line":39,"column":45},"end":{"line":39,"column":null}}],"line":39},"2":{"loc":{"start":{"line":40,"column":20},"end":{"line":40,"column":null}},"type":"binary-expr","locations":[{"start":{"line":40,"column":20},"end":{"line":40,"column":28}},{"start":{"line":40,"column":28},"end":{"line":40,"column":45}},{"start":{"line":40,"column":45},"end":{"line":40,"column":null}}],"line":40},"3":{"loc":{"start":{"line":41,"column":20},"end":{"line":41,"column":null}},"type":"binary-expr","locations":[{"start":{"line":41,"column":20},"end":{"line":41,"column":28}},{"start":{"line":41,"column":28},"end":{"line":41,"column":45}},{"start":{"line":41,"column":45},"end":{"line":41,"column":null}}],"line":41},"4":{"loc":{"start":{"line":42,"column":20},"end":{"line":42,"column":null}},"type":"binary-expr","locations":[{"start":{"line":42,"column":20},"end":{"line":42,"column":28}},{"start":{"line":42,"column":28},"end":{"line":42,"column":45}},{"start":{"line":42,"column":45},"end":{"line":42,"column":null}}],"line":42},"5":{"loc":{"start":{"line":45,"column":20},"end":{"line":45,"column":null}},"type":"binary-expr","locations":[{"start":{"line":45,"column":20},"end":{"line":45,"column":27}},{"start":{"line":45,"column":27},"end":{"line":45,"column":null}}],"line":45},"6":{"loc":{"start":{"line":48,"column":20},"end":{"line":48,"column":null}},"type":"binary-expr","locations":[{"start":{"line":48,"column":20},"end":{"line":48,"column":28}},{"start":{"line":48,"column":28},"end":{"line":48,"column":45}},{"start":{"line":48,"column":45},"end":{"line":48,"column":null}}],"line":48},"7":{"loc":{"start":{"line":51,"column":20},"end":{"line":51,"column":null}},"type":"binary-expr","locations":[{"start":{"line":51,"column":20},"end":{"line":51,"column":28}},{"start":{"line":51,"column":28},"end":{"line":51,"column":null}}],"line":51},"8":{"loc":{"start":{"line":54,"column":20},"end":{"line":54,"column":null}},"type":"binary-expr","locations":[{"start":{"line":54,"column":20},"end":{"line":54,"column":28}},{"start":{"line":54,"column":28},"end":{"line":54,"column":null}}],"line":54},"9":{"loc":{"start":{"line":57,"column":20},"end":{"line":57,"column":null}},"type":"binary-expr","locations":[{"start":{"line":57,"column":20},"end":{"line":57,"column":41}},{"start":{"line":57,"column":41},"end":{"line":57,"column":null}}],"line":57},"10":{"loc":{"start":{"line":70,"column":2},"end":{"line":70,"column":null}},"type":"if","locations":[{"start":{"line":70,"column":2},"end":{"line":70,"column":null}},{"start":{},"end":{}}],"line":70}},"s":{"0":13,"1":13,"2":13,"3":13,"4":4,"5":2,"6":2},"f":{"0":13,"1":4},"b":{"0":[13,5,3],"1":[13,5,3],"2":[13,5,3],"3":[13,5,3],"4":[13,5,3],"5":[13,5],"6":[13,5,3],"7":[13,9],"8":[13,9],"9":[13,10],"10":[2,2]},"meta":{"lastBranch":11,"lastFunction":2,"lastStatement":7,"seen":{"f:28:16:28:Infinity":0,"s:32:14:32:Infinity":0,"s:33:15:33:Infinity":1,"s:34:12:34:Infinity":2,"s:36:2:58:Infinity":3,"b:38:20:38:28:38:28:38:45:38:45:38:Infinity":0,"b:39:20:39:28:39:28:39:45:39:45:39:Infinity":1,"b:40:20:40:28:40:28:40:45:40:45:40:Infinity":2,"b:41:20:41:28:41:28:41:45:41:45:41:Infinity":3,"b:42:20:42:28:42:28:42:45:42:45:42:Infinity":4,"b:45:20:45:27:45:27:45:Infinity":5,"b:48:20:48:28:48:28:48:45:48:45:48:Infinity":6,"b:51:20:51:28:51:28:51:Infinity":7,"b:54:20:54:28:54:28:54:Infinity":8,"b:57:20:57:41:57:41:57:Infinity":9,"f:69:16:69:31":1,"b:70:2:70:Infinity:undefined:undefined:undefined:undefined":10,"s:70:2:70:Infinity":4,"s:70:21:70:Infinity":5,"s:72:2:72:Infinity":6},"fnNames":{}}}
,"/Users/chenqimeng/Projects/peerpedia/frontend/src/locales/en-US.json": {"path":"/Users/chenqimeng/Projects/peerpedia/frontend/src/locales/en-US.json","statementMap":{"0":{"start":{"line":1,"column":19},"end":{"line":1,"column":815}},"1":{"start":{"line":2,"column":23},"end":{"line":2,"column":106}},"2":{"start":{"line":3,"column":20},"end":{"line":3,"column":271}},"3":{"start":{"line":4,"column":20},"end":{"line":4,"column":189}},"4":{"start":{"line":5,"column":25},"end":{"line":5,"column":209}},"5":{"start":{"line":6,"column":22},"end":{"line":6,"column":347}},"6":{"start":{"line":7,"column":22},"end":{"line":7,"column":353}},"7":{"start":{"line":8,"column":20},"end":{"line":8,"column":1428}},"8":{"start":{"line":9,"column":24},"end":{"line":9,"column":82}},"9":{"start":{"line":10,"column":20},"end":{"line":10,"column":237}},"10":{"start":{"line":11,"column":22},"end":{"line":11,"column":1318}},"11":{"start":{"line":12,"column":20},"end":{"line":12,"column":258}},"12":{"start":{"line":13,"column":20},"end":{"line":13,"column":168}},"13":{"start":{"line":14,"column":22},"end":{"line":14,"column":89}},"14":{"start":{"line":15,"column":23},"end":{"line":15,"column":577}},"15":{"start":{"line":16,"column":23},"end":{"line":16,"column":599}},"16":{"start":{"line":17,"column":24},"end":{"line":17,"column":67}},"17":{"start":{"line":18,"column":23},"end":{"line":18,"column":609}},"18":{"start":{"line":19,"column":24},"end":{"line":19,"column":275}},"19":{"start":{"line":20,"column":25},"end":{"line":20,"column":60}},"20":{"start":{"line":21,"column":19},"end":{"line":21,"column":40}},"21":{"start":{"line":22,"column":18},"end":{"line":22,"column":133}}},"fnMap":{},"branchMap":{},"s":{"0":1,"1":1,"2":1,"3":1,"4":1,"5":1,"6":1,"7":1,"8":1,"9":1,"10":1,"11":1,"12":1,"13":1,"14":1,"15":1,"16":1,"17":1,"18":1,"19":1,"20":1,"21":1},"f":{},"b":{},"meta":{"lastBranch":0,"lastFunction":0,"lastStatement":22,"seen":{"s:1:19:1:815":0,"s:2:23:2:106":1,"s:3:20:3:271":2,"s:4:20:4:189":3,"s:5:25:5:209":4,"s:6:22:6:347":5,"s:7:22:7:353":6,"s:8:20:8:1428":7,"s:9:24:9:82":8,"s:10:20:10:237":9,"s:11:22:11:1318":10,"s:12:20:12:258":11,"s:13:20:13:168":12,"s:14:22:14:89":13,"s:15:23:15:577":14,"s:16:23:16:599":15,"s:17:24:17:67":16,"s:18:23:18:609":17,"s:19:24:19:275":18,"s:20:25:20:60":19,"s:21:19:21:40":20,"s:22:18:22:133":21},"fnNames":{}}}
}
